
Welcome to CakePHP v2.7.4 Console
---------------------------------------------------------------
App : app
Path: /var/www/html/ecom/app/
---------------------------------------------------------------
Starting


Welcome to CakePHP v2.7.4 Console
---------------------------------------------------------------
App : app
Path: /var/www/html/ecom/app/
---------------------------------------------------------------
Starting

Working Job: sos_gchat 

Waiting for job...

Received job: H:f6622f7801a5:2
Workload: {"class":"SosShell","params":["runJob","a"]} (44)
Working Job: sos_gchat 

Waiting for job...


Welcome to CakePHP v2.7.4 Console
---------------------------------------------------------------
App : app
Path: /var/www/html/ecom/app/
---------------------------------------------------------------
Starting


Welcome to CakePHP v2.7.4 Console
---------------------------------------------------------------
App : app
Path: /var/www/html/ecom/app/
---------------------------------------------------------------
Starting

Working Job: sos_gchat 

Waiting for job...


Welcome to CakePHP v2.7.4 Console
---------------------------------------------------------------
App : app
Path: /var/www/html/ecom/app/
---------------------------------------------------------------
Starting

Working Job: sos_gchat 

Waiting for job...

Working Job: sos_gchat 

Waiting for job...


Welcome to CakePHP v2.7.4 Console
---------------------------------------------------------------
App : app
Path: /var/www/html/ecom/app/
---------------------------------------------------------------
Starting


Welcome to CakePHP v2.7.4 Console
---------------------------------------------------------------
App : app
Path: /var/www/html/ecom/app/
---------------------------------------------------------------
Starting

Working Job: sos_gchat 

Waiting for job...

Working Job: sos_gchat 

Waiting for job...


Welcome to CakePHP v2.7.4 Console
---------------------------------------------------------------
App : app
Path: /var/www/html/ecom/app/
---------------------------------------------------------------
Starting


Welcome to CakePHP v2.7.4 Console
---------------------------------------------------------------
App : app
Path: /var/www/html/ecom/app/
---------------------------------------------------------------
Starting

Working Job: sos_gchat 

Waiting for job...


Welcome to CakePHP v2.7.4 Console
---------------------------------------------------------------
App : app
Path: /var/www/html/ecom/app/
---------------------------------------------------------------
Starting

Working Job: sos_gchat 

Waiting for job...

Working Job: sos_gchat 

Waiting for job...


Welcome to CakePHP v2.7.4 Console
---------------------------------------------------------------
App : app
Path: /var/www/html/ecom/app/
---------------------------------------------------------------
Starting


Welcome to CakePHP v2.7.4 Console
---------------------------------------------------------------
App : app
Path: /var/www/html/ecom/app/
---------------------------------------------------------------
Starting

Working Job: sos_gchat 

Working Job: sos_gchat 

Waiting for job...

Waiting for job...


Welcome to CakePHP v2.7.4 Console
---------------------------------------------------------------
App : app
Path: /var/www/html/ecom/app/
---------------------------------------------------------------
Starting


Welcome to CakePHP v2.7.4 Console
---------------------------------------------------------------
App : app
Path: /var/www/html/ecom/app/
---------------------------------------------------------------
Starting


Welcome to CakePHP v2.7.4 Console
---------------------------------------------------------------
App : app
Path: /var/www/html/ecom/app/
---------------------------------------------------------------
Starting


Working Job: sos_gchat 

Waiting for job...

Working Job: sos_gchat 


Welcome to CakePHP v2.7.4 Console
---------------------------------------------------------------
App : app

Welcome to CakePHP v2.7.4 Console
---------------------------------------------------------------
App : app
Path: /var/www/html/ecom/app/
---------------------------------------------------------------
Starting

Path: /var/www/html/ecom/app/
---------------------------------------------------------------
Starting

Waiting for job...

Working Job: sos_gchat 

Waiting for job...

Working Job: sos_gchat 

Waiting for job...

Working Job: sos_gchat 

Waiting for job...

Welcome to CakePHP v2.7.4 Console
---------------------------------------------------------------
App : app
Path: /var/www/html/ecom/app/
---------------------------------------------------------------
Starting


Welcome to CakePHP v2.7.4 Console
---------------------------------------------------------------
App : app
Path: /var/www/html/ecom/app/
---------------------------------------------------------------
Starting


Welcome to CakePHP v2.7.4 Console
---------------------------------------------------------------
App : app
Path: /var/www/html/ecom/app/
---------------------------------------------------------------
Starting

Working Job: sos_gchat 

Waiting for job...



Welcome to CakePHP v2.7.4 Console
---------------------------------------------------------------
App : app
Path: /var/www/html/ecom/app/
---------------------------------------------------------------
Starting




Welcome to CakePHP v2.7.4 Console
---------------------------------------------------------------
App : app

Welcome to CakePHP v2.7.4 Console
---------------------------------------------------------------
App : app
Path: /var/www/html/ecom/app/
---------------------------------------------------------------
Starting

Welcome to CakePHP v2.7.4 Console
Welcome to CakePHP v2.7.4 Console
---------------------------------------------------------------
App : app
Path: /var/www/html/ecom/app/
---------------------------------------------------------------
Starting

Path: /var/www/html/ecom/app/
---------------------------------------------------------------
Starting

---------------------------------------------------------------
Working Job: sos_gchat 

Waiting for job...

Working Job: sos_gchat 

App : app
Path: /var/www/html/ecom/app/
---------------------------------------------------------------
Starting

Waiting for job...

Working Job: sos_gchat 

Waiting for job...

Working Job: sos_gchat 

Waiting for job...

Working Job: sos_gchat 

Welcome to CakePHP v2.7.4 Console
---------------------------------------------------------------
App : app
Path: /var/www/html/ecom/app/
---------------------------------------------------------------
Starting


Working Job: sos_gchat 

Waiting for job...

Welcome to CakePHP v2.7.4 Console
---------------------------------------------------------------
App : app
Path: /var/www/html/ecom/app/
---------------------------------------------------------------
Starting

Working Job: sos_gchat 

Waiting for job...

Waiting for job...


Welcome to CakePHP v2.7.4 Console
---------------------------------------------------------------
App : app
Path: /var/www/html/ecom/app/
---------------------------------------------------------------
Starting

Working Job: sos_gchat 

Waiting for job...

Working Job: sos_gchat 

Waiting for job...

Working Job: sos_gchat 

Waiting for job...


Welcome to CakePHP v2.7.4 Console
---------------------------------------------------------------
App : app
Path: /var/www/html/ecom/app/
---------------------------------------------------------------
Starting

Working Job: sos_gchat 

Waiting for job...


Welcome to CakePHP v2.7.4 Console
---------------------------------------------------------------
App : app
Path: /var/www/html/ecom/app/
---------------------------------------------------------------
Starting

Working Job: sos_gchat 

Waiting for job...


Welcome to CakePHP v2.7.4 Console
---------------------------------------------------------------
App : app
Path: /var/www/html/ecom/app/
---------------------------------------------------------------
Starting

Working Job: sos_gchat 

Waiting for job...

Received job: H:f6622f7801a5:3
Workload: {"class":"SosShell","params":["runJob","a"]} (44)
Received job: H:f6622f7801a5:4
Workload: {"class":"GenSalShell","params":["runJob","exportSalaryKPICodStar","08","2020","","1"]} (87)
Received job: H:f6622f7801a5:5
Workload: {"class":"GenSalShell","params":["runJob","exportSalaryKPICodStar","07","2020","","2"]} (87)
Received job: H:f6622f7801a5:6
Workload: {"class":"GenSalShell","params":["runJob","exportSalaryKPICodStar","07","2020","","3"]} (87)
Received job: H:f6622f7801a5:7
Workload: {"class":"GenSalShell","params":["runJob","exportSalaryKPICodStar","07","2020","","4"]} (87)
Received job: H:f6622f7801a5:8
Workload: {"class":"GenSalShell","params":["runJob","exportSalaryKPICodStar","08","2020","","5"]} (87)




Welcome to CakePHP v2.7.4 Console
---------------------------------------------------------------
App : app
Path: /var/www/html/ecom/app/
---------------------------------------------------------------
Starting


Welcome to CakePHP v2.7.4 Console
---------------------------------------------------------------
App : app
Path: /var/www/html/ecom/app/
---------------------------------------------------------------
Starting

Welcome to CakePHP v2.7.4 Console
---------------------------------------------------------------
App : app
Path: /var/www/html/ecom/app/
Working Job: sos_gchat 

Waiting for job...

---------------------------------------------------------------
Starting

Welcome to CakePHP v2.7.4 Console

Welcome to CakePHP v2.7.4 Console
---------------------------------------------------------------
App : app
Path: /var/www/html/ecom/app/
---------------------------------------------------------------
Starting

---------------------------------------------------------------
Working Job: sos_gchat 

App : app
Waiting for job...

Path: /var/www/html/ecom/app/
---------------------------------------------------------------
Starting


Welcome to CakePHP v2.7.4 Console
---------------------------------------------------------------
App : app
Path: /var/www/html/ecom/app/
---------------------------------------------------------------
Starting


Working Job: sos_gchat 

Welcome to CakePHP v2.7.4 Console
---------------------------------------------------------------
App : app
Path: /var/www/html/ecom/app/
---------------------------------------------------------------
Starting

Waiting for job...


Welcome to CakePHP v2.7.4 Console
---------------------------------------------------------------

Working Job: sos_gchat 

Waiting for job...

Welcome to CakePHP v2.7.4 Console
---------------------------------------------------------------
App : app
App : app
Path: /var/www/html/ecom/app/
---------------------------------------------------------------
Starting

Working Job: sos_gchat 

Waiting for job...

Welcome to CakePHP v2.7.4 Console
---------------------------------------------------------------

Welcome to CakePHP v2.7.4 Console
---------------------------------------------------------------
App : app
Path: /var/www/html/ecom/app/
---------------------------------------------------------------
Starting

Working Job: sos_gchat 

Waiting for job...

App : app
Path: /var/www/html/ecom/app/
---------------------------------------------------------------
Starting

Working Job: sos_gchat 

Waiting for job...


Welcome to CakePHP v2.7.4 Console
---------------------------------------------------------------
App : app
Path: /var/www/html/ecom/app/
---------------------------------------------------------------
Starting

Working Job: sos_gchat 

Waiting for job...

Working Job: sos_gchat 

Waiting for job...


Welcome to CakePHP v2.7.4 Console
---------------------------------------------------------------
App : app
Path: /var/www/html/ecom/app/
---------------------------------------------------------------
Starting


Welcome to CakePHP v2.7.4 Console
---------------------------------------------------------------
App : app
Path: /var/www/html/ecom/app/
---------------------------------------------------------------
Starting

Path: /var/www/html/ecom/app/
---------------------------------------------------------------
Starting

Working Job: sos_gchat 

Waiting for job...


Welcome to CakePHP v2.7.4 Console
---------------------------------------------------------------
App : app
Path: /var/www/html/ecom/app/
---------------------------------------------------------------
Starting

Working Job: sos_gchat 

Waiting for job...

Working Job: sos_gchat 

Waiting for job...

Working Job: sos_gchat 

Waiting for job...


Welcome to CakePHP v2.7.4 Console
---------------------------------------------------------------
App : app
Path: /var/www/html/ecom/app/
---------------------------------------------------------------
Starting

Working Job: sos_gchat 

Waiting for job...

Working Job: sos_gchat 

Waiting for job...


Welcome to CakePHP v2.7.4 Console
---------------------------------------------------------------
App : app
Path: /var/www/html/ecom/app/
---------------------------------------------------------------
Starting

Working Job: sos_gchat 

Waiting for job...

Working Job: sos_gchat 

Waiting for job...


Welcome to CakePHP v2.7.4 Console
---------------------------------------------------------------
App : app
Path: /var/www/html/ecom/app/
---------------------------------------------------------------
Starting


Welcome to CakePHP v2.7.4 Console
---------------------------------------------------------------
App : app
Path: /var/www/html/ecom/app/
---------------------------------------------------------------
Starting

Working Job: sos_gchat 

Waiting for job...

Working Job: sos_gchat 

Waiting for job...


Welcome to CakePHP v2.7.4 Console
---------------------------------------------------------------
App : app
Path: /var/www/html/ecom/app/
---------------------------------------------------------------
Starting


Welcome to CakePHP v2.7.4 Console
---------------------------------------------------------------
App : app
Path: /var/www/html/ecom/app/
---------------------------------------------------------------
Starting



Welcome to CakePHP v2.7.4 Console
---------------------------------------------------------------
App : app
Path: /var/www/html/ecom/app/
---------------------------------------------------------------
Starting

Working Job: sos_gchat 

Waiting for job...

Welcome to CakePHP v2.7.4 Console
---------------------------------------------------------------
App : app
Path: /var/www/html/ecom/app/
---------------------------------------------------------------
Starting

Working Job: sos_gchat 

Waiting for job...


Welcome to CakePHP v2.7.4 Console
---------------------------------------------------------------
App : app
Path: /var/www/html/ecom/app/
---------------------------------------------------------------
Starting

Working Job: sos_gchat 

Waiting for job...


Welcome to CakePHP v2.7.4 Console
---------------------------------------------------------------
App : app
Path: /var/www/html/ecom/app/
---------------------------------------------------------------
Starting

Working Job: sos_gchat 

Waiting for job...

Working Job: sos_gchat 

Waiting for job...


Welcome to CakePHP v2.7.4 Console
---------------------------------------------------------------
App : app
Path: /var/www/html/ecom/app/
---------------------------------------------------------------
Starting

Working Job: sos_gchat 

Waiting for job...


Welcome to CakePHP v2.7.4 Console
---------------------------------------------------------------
App : app
Path: /var/www/html/ecom/app/
---------------------------------------------------------------
Starting

Working Job: sos_gchat 

Waiting for job...


Welcome to CakePHP v2.7.4 Console
---------------------------------------------------------------
App : app
Path: /var/www/html/ecom/app/
---------------------------------------------------------------
Starting


Welcome to CakePHP v2.7.4 Console
---------------------------------------------------------------
Working Job: sos_gchat 

Waiting for job...

App : app
Path: /var/www/html/ecom/app/
---------------------------------------------------------------
Starting

Working Job: sos_gchat 

Waiting for job...

Working Job: sos_gchat 

Waiting for job...


Welcome to CakePHP v2.7.4 Console
---------------------------------------------------------------
App : app
Path: /var/www/html/ecom/app/
---------------------------------------------------------------
Starting

Working Job: sos_gchat 

Waiting for job...


Welcome to CakePHP v2.7.4 Console
---------------------------------------------------------------
App : app
Path: /var/www/html/ecom/app/
---------------------------------------------------------------
Starting

Working Job: sos_gchat 

Waiting for job...

Received job: H:f6622f7801a5:1
Workload: {"class":"SosShell","params":["runJob","b",1123]} (49)
Received job: H:f6622f7801a5:2
Workload: {"class":"SosShell","params":["runJob","b",1123]} (49)
